#
# There is insufficient memory for the Java Runtime Environment to continue.
# Native memory allocation (malloc) failed to allocate 1130896 bytes. Error detail: Chunk::new
# Possible reasons:
#   The system is out of physical RAM or swap space
#   This process is running with CompressedOops enabled, and the Java Heap may be blocking the growth of the native heap
# Possible solutions:
#   Reduce memory load on the system
#   Increase physical memory or swap space
#   Check if swap backing store is full
#   Decrease Java heap size (-Xmx/-Xms)
#   Decrease number of Java threads
#   Decrease Java thread stack sizes (-Xss)
#   Set larger code cache with -XX:ReservedCodeCacheSize=
#   JVM is running with Unscaled Compressed Oops mode in which the Java heap is
#     placed in the first 4GB address space. The Java Heap base address is the
#     maximum limit for the native heap growth. Please use -XX:HeapBaseMinAddress
#     to set the Java Heap base and to place the Java Heap above 4GB virtual address.
# This output file may be truncated or incomplete.
#
#  Out of Memory Error (arena.cpp:168), pid=6164, tid=13004
#
# JRE version: OpenJDK Runtime Environment Temurin-21.0.7+6 (21.0.7+6) (build 21.0.7+6-LTS)
# Java VM: OpenJDK 64-Bit Server VM Temurin-21.0.7+6 (21.0.7+6-LTS, mixed mode, sharing, tiered, compressed oops, compressed class ptrs, parallel gc, windows-amd64)
# No core dump will be written. Minidumps are not enabled by default on client versions of Windows
#

---------------  S U M M A R Y ------------

Command Line: --add-modules=ALL-SYSTEM --add-opens=java.base/java.util=ALL-UNNAMED --add-opens=java.base/java.lang=ALL-UNNAMED --add-opens=java.base/sun.nio.fs=ALL-UNNAMED -Declipse.application=org.eclipse.jdt.ls.core.id1 -Dosgi.bundles.defaultStartLevel=4 -Declipse.product=org.eclipse.jdt.ls.core.product -Djava.import.generatesMetadataFilesAtProjectRoot=false -DDetectVMInstallationsJob.disabled=true -Dfile.encoding=utf8 -XX:+UseParallelGC -XX:GCTimeRatio=4 -XX:AdaptiveSizePolicyWeight=90 -Dsun.zip.disableMemoryMapping=true -Xmx2G -Xms100m -Xlog:disable -javaagent:c:\Users\lorenzo\.vscode\extensions\redhat.java-1.43.1-win32-x64\lombok\lombok-1.18.39-4050.jar -XX:+HeapDumpOnOutOfMemoryError -XX:HeapDumpPath=c:\Users\lorenzo\AppData\Roaming\Code\User\workspaceStorage\2987e9b36bad1f33864e0fb57bc9f1eb\redhat.java -Daether.dependencyCollector.impl=bf c:\Users\lorenzo\.vscode\extensions\redhat.java-1.43.1-win32-x64\server\plugins\org.eclipse.equinox.launcher_1.7.0.v20250519-0528.jar -configuration c:\Users\lorenzo\AppData\Roaming\Code\User\globalStorage\redhat.java\1.43.1\config_win -data c:\Users\lorenzo\AppData\Roaming\Code\User\workspaceStorage\2987e9b36bad1f33864e0fb57bc9f1eb\redhat.java\jdt_ws --pipe=\\.\pipe\lsp-1072f181a5c51e0ed6b00e84a134dfe8-sock

Host: AMD Ryzen 7 5700U with Radeon Graphics         , 16 cores, 13G,  Windows 11 , 64 bit Build 26100 (10.0.26100.4202)
Time: Tue Jul  1 19:10:52 2025 Hora de verano romance elapsed time: 10138.493883 seconds (0d 2h 48m 58s)

---------------  T H R E A D  ---------------

Current thread (0x000001fcec7f9f40):  JavaThread "C2 CompilerThread0" daemon [_thread_in_native, id=13004, stack(0x000000085ab00000,0x000000085ac00000) (1024K)]


Current CompileTask:
C2:10138493 46582       4       org.eclipse.jdt.internal.compiler.parser.Scanner::internalScanIdentifierOrKeyword (5041 bytes)

Stack: [0x000000085ab00000,0x000000085ac00000]
Native frames: (J=compiled Java code, j=interpreted, Vv=VM code, C=native code)
V  [jvm.dll+0x6ce119]
V  [jvm.dll+0x8a84a1]
V  [jvm.dll+0x8aa9ce]
V  [jvm.dll+0x8ab0b3]
V  [jvm.dll+0x27f8a6]
V  [jvm.dll+0xc507d]
V  [jvm.dll+0xc55b3]
V  [jvm.dll+0x3b68f2]
V  [jvm.dll+0x382aa5]
V  [jvm.dll+0x381f0a]
V  [jvm.dll+0x247af0]
V  [jvm.dll+0x2470cf]
V  [jvm.dll+0x1c760e]
V  [jvm.dll+0x25695a]
V  [jvm.dll+0x254efa]
V  [jvm.dll+0x3f03f6]
V  [jvm.dll+0x851f6b]
V  [jvm.dll+0x6cc7dd]
C  [ucrtbase.dll+0x37b0]
C  [KERNEL32.DLL+0x2e8d7]
C  [ntdll.dll+0x3c34c]


---------------  P R O C E S S  ---------------

Threads class SMR info:
_java_thread_list=0x000001fcf43ecab0, length=61, elements={
0x000001fc93a5af70, 0x000001fc93a0e850, 0x000001fc93b01c20, 0x000001fc93b063d0,
0x000001fc93b083e0, 0x000001fc93b0c8a0, 0x000001fc93b17e30, 0x000001fcec7f9f40,
0x000001fcec7fad80, 0x000001fc93acae00, 0x000001fcee148560, 0x000001fcf348c100,
0x000001fcf32600a0, 0x000001fcee76e7f0, 0x000001fcee723200, 0x000001fcf3919aa0,
0x000001fcf30ab630, 0x000001fcf3a8ad20, 0x000001fcf3a8a690, 0x000001fcf3a885c0,
0x000001fcf5c8cbd0, 0x000001fcf5c8d260, 0x000001fcf5c8d8f0, 0x000001fcf5c8df80,
0x000001fcf5c8e610, 0x000001fcf5c8f330, 0x000001fcf5c8beb0, 0x000001fcf5c91400,
0x000001fcf5c906e0, 0x000001fcf5c90050, 0x000001fcf5c927b0, 0x000001fcf5c91a90,
0x000001fcf5c90d70, 0x000001fcf5c92120, 0x000001fcf5c92e40, 0x000001fcf5c8f9c0,
0x000001fcf5c934d0, 0x000001fcf55fc600, 0x000001fcf55fcc90, 0x000001fcf55fd9b0,
0x000001fcf34c85a0, 0x000001fcf34ca670, 0x000001fcf34cb390, 0x000001fcf3eeaf60,
0x000001fcf3eea8d0, 0x000001fcf3ef1860, 0x000001fcf3eec9a0, 0x000001fcf3eee3e0,
0x000001fcf3eed6c0, 0x000001fcf3eedd50, 0x000001fcf8b89d00, 0x000001fcf8b8aa20,
0x000001fcf8b8a390, 0x000001fcf8b8b0b0, 0x000001fcf8b8f8e0, 0x000001fcf8b8c460,
0x000001fcf8b8d180, 0x000001fcf8b8caf0, 0x000001fcf8b8dea0, 0x000001fcf55fbf70,
0x000001fcf55fed60
}

Java Threads: ( => current thread )
  0x000001fc93a5af70 JavaThread "main"                              [_thread_blocked, id=11236, stack(0x000000085a100000,0x000000085a200000) (1024K)]
  0x000001fc93a0e850 JavaThread "Reference Handler"          daemon [_thread_blocked, id=4324, stack(0x000000085a500000,0x000000085a600000) (1024K)]
  0x000001fc93b01c20 JavaThread "Finalizer"                  daemon [_thread_blocked, id=13460, stack(0x000000085a600000,0x000000085a700000) (1024K)]
  0x000001fc93b063d0 JavaThread "Signal Dispatcher"          daemon [_thread_blocked, id=10312, stack(0x000000085a700000,0x000000085a800000) (1024K)]
  0x000001fc93b083e0 JavaThread "Attach Listener"            daemon [_thread_blocked, id=14800, stack(0x000000085a800000,0x000000085a900000) (1024K)]
  0x000001fc93b0c8a0 JavaThread "Service Thread"             daemon [_thread_blocked, id=16848, stack(0x000000085a900000,0x000000085aa00000) (1024K)]
  0x000001fc93b17e30 JavaThread "Monitor Deflation Thread"   daemon [_thread_blocked, id=10844, stack(0x000000085aa00000,0x000000085ab00000) (1024K)]
=>0x000001fcec7f9f40 JavaThread "C2 CompilerThread0"         daemon [_thread_in_native, id=13004, stack(0x000000085ab00000,0x000000085ac00000) (1024K)]
  0x000001fcec7fad80 JavaThread "C1 CompilerThread0"         daemon [_thread_blocked, id=14740, stack(0x000000085ac00000,0x000000085ad00000) (1024K)]
  0x000001fc93acae00 JavaThread "Common-Cleaner"             daemon [_thread_blocked, id=11696, stack(0x000000085ad00000,0x000000085ae00000) (1024K)]
  0x000001fcee148560 JavaThread "Notification Thread"        daemon [_thread_blocked, id=8644, stack(0x000000085b200000,0x000000085b300000) (1024K)]
  0x000001fcf348c100 JavaThread "Active Thread: Equinox Container: fb5455a7-67e8-405b-850f-c023e34630a5"        [_thread_blocked, id=15248, stack(0x000000085bb00000,0x000000085bc00000) (1024K)]
  0x000001fcf32600a0 JavaThread "Refresh Thread: Equinox Container: fb5455a7-67e8-405b-850f-c023e34630a5" daemon [_thread_blocked, id=15600, stack(0x000000085bd00000,0x000000085be00000) (1024K)]
  0x000001fcee76e7f0 JavaThread "Framework Event Dispatcher: Equinox Container: fb5455a7-67e8-405b-850f-c023e34630a5" daemon [_thread_blocked, id=1084, stack(0x000000085be00000,0x000000085bf00000) (1024K)]
  0x000001fcee723200 JavaThread "Start Level: Equinox Container: fb5455a7-67e8-405b-850f-c023e34630a5" daemon [_thread_blocked, id=10540, stack(0x000000085bf00000,0x000000085c000000) (1024K)]
  0x000001fcf3919aa0 JavaThread "Bundle File Closer"         daemon [_thread_blocked, id=13436, stack(0x000000085c300000,0x000000085c400000) (1024K)]
  0x000001fcf30ab630 JavaThread "SCR Component Actor"        daemon [_thread_blocked, id=15836, stack(0x000000085c400000,0x000000085c500000) (1024K)]
  0x000001fcf3a8ad20 JavaThread "Worker-JM"                         [_thread_blocked, id=14024, stack(0x000000085c500000,0x000000085c600000) (1024K)]
  0x000001fcf3a8a690 JavaThread "Java indexing"              daemon [_thread_blocked, id=4076, stack(0x000000085ca00000,0x000000085cb00000) (1024K)]
  0x000001fcf3a885c0 JavaThread "JNA Cleaner"                daemon [_thread_blocked, id=16796, stack(0x000000085cb00000,0x000000085cc00000) (1024K)]
  0x000001fcf5c8cbd0 JavaThread "Thread-2"                   daemon [_thread_in_native, id=10876, stack(0x000000085d400000,0x000000085d500000) (1024K)]
  0x000001fcf5c8d260 JavaThread "Thread-3"                   daemon [_thread_in_native, id=3628, stack(0x000000085d500000,0x000000085d600000) (1024K)]
  0x000001fcf5c8d8f0 JavaThread "Thread-4"                   daemon [_thread_in_native, id=13132, stack(0x000000085d600000,0x000000085d700000) (1024K)]
  0x000001fcf5c8df80 JavaThread "Thread-5"                   daemon [_thread_in_native, id=12972, stack(0x000000085d700000,0x000000085d800000) (1024K)]
  0x000001fcf5c8e610 JavaThread "Thread-6"                   daemon [_thread_in_native, id=13112, stack(0x000000085d800000,0x000000085d900000) (1024K)]
  0x000001fcf5c8f330 JavaThread "Thread-7"                   daemon [_thread_in_native, id=14688, stack(0x000000085d900000,0x000000085da00000) (1024K)]
  0x000001fcf5c8beb0 JavaThread "Thread-8"                   daemon [_thread_in_native, id=13676, stack(0x000000085da00000,0x000000085db00000) (1024K)]
  0x000001fcf5c91400 JavaThread "Thread-9"                   daemon [_thread_in_native, id=18400, stack(0x000000085db00000,0x000000085dc00000) (1024K)]
  0x000001fcf5c906e0 JavaThread "Thread-10"                  daemon [_thread_in_native, id=15532, stack(0x000000085dc00000,0x000000085dd00000) (1024K)]
  0x000001fcf5c90050 JavaThread "Thread-11"                  daemon [_thread_in_native, id=7772, stack(0x000000085dd00000,0x000000085de00000) (1024K)]
  0x000001fcf5c927b0 JavaThread "Thread-12"                  daemon [_thread_in_native, id=7848, stack(0x000000085de00000,0x000000085df00000) (1024K)]
  0x000001fcf5c91a90 JavaThread "Thread-13"                  daemon [_thread_in_native, id=12072, stack(0x000000085df00000,0x000000085e000000) (1024K)]
  0x000001fcf5c90d70 JavaThread "Thread-14"                  daemon [_thread_in_native, id=8436, stack(0x000000085e000000,0x000000085e100000) (1024K)]
  0x000001fcf5c92120 JavaThread "Thread-15"                  daemon [_thread_in_native, id=13408, stack(0x000000085e100000,0x000000085e200000) (1024K)]
  0x000001fcf5c92e40 JavaThread "Thread-16"                  daemon [_thread_in_native, id=17108, stack(0x000000085e200000,0x000000085e300000) (1024K)]
  0x000001fcf5c8f9c0 JavaThread "Thread-17"                  daemon [_thread_in_native, id=14272, stack(0x000000085e300000,0x000000085e400000) (1024K)]
  0x000001fcf5c934d0 JavaThread "Thread-18"                  daemon [_thread_in_native, id=9740, stack(0x000000085e400000,0x000000085e500000) (1024K)]
  0x000001fcf55fc600 JavaThread "pool-2-thread-1"                   [_thread_blocked, id=13892, stack(0x000000085e500000,0x000000085e600000) (1024K)]
  0x000001fcf55fcc90 JavaThread "WorkspaceEventsHandler"            [_thread_blocked, id=9120, stack(0x000000085e700000,0x000000085e800000) (1024K)]
  0x000001fcf55fd9b0 JavaThread "pool-1-thread-1"                   [_thread_blocked, id=10272, stack(0x000000085e800000,0x000000085e900000) (1024K)]
  0x000001fcf34c85a0 JavaThread "Java Debug Server"          daemon [_thread_in_native, id=13440, stack(0x0000000859f00000,0x000000085a000000) (1024K)]
  0x000001fcf34ca670 JavaThread "RxSchedulerPurge-1"         daemon [_thread_blocked, id=18008, stack(0x000000085ae00000,0x000000085af00000) (1024K)]
  0x000001fcf34cb390 JavaThread "RxCachedWorkerPoolEvictor-1" daemon [_thread_blocked, id=14612, stack(0x000000085af00000,0x000000085b000000) (1024K)]
  0x000001fcf3eeaf60 JavaThread "Cleaner-0"                  daemon [_thread_blocked, id=13616, stack(0x000000085d000000,0x000000085d100000) (1024K)]
  0x000001fcf3eea8d0 JavaThread "pool-9-thread-2"                   [_thread_in_native, id=11064, stack(0x000000085ef00000,0x000000085f000000) (1024K)]
  0x000001fcf3ef1860 JavaThread "process reaper (pid 17568)" daemon [_thread_in_native, id=2416, stack(0x0000000859b90000,0x0000000859bb0000) (128K)]
  0x000001fcf3eec9a0 JavaThread "Worker-73"                         [_thread_blocked, id=15036, stack(0x000000085a000000,0x000000085a100000) (1024K)]
  0x000001fcf3eee3e0 JavaThread "ForkJoinPool.commonPool-worker-55" daemon [_thread_blocked, id=18348, stack(0x000000085b100000,0x000000085b200000) (1024K)]
  0x000001fcf3eed6c0 JavaThread "ForkJoinPool.commonPool-worker-57" daemon [_thread_blocked, id=19428, stack(0x000000085c700000,0x000000085c800000) (1024K)]
  0x000001fcf3eedd50 JavaThread "ForkJoinPool.commonPool-worker-58" daemon [_thread_blocked, id=3828, stack(0x000000085c800000,0x000000085c900000) (1024K)]
  0x000001fcf8b89d00 JavaThread "ForkJoinPool.commonPool-worker-61" daemon [_thread_blocked, id=14440, stack(0x000000085b000000,0x000000085b100000) (1024K)]
  0x000001fcf8b8aa20 JavaThread "ForkJoinPool.commonPool-worker-64" daemon [_thread_blocked, id=9628, stack(0x000000085cc00000,0x000000085cd00000) (1024K)]
  0x000001fcf8b8a390 JavaThread "ForkJoinPool.commonPool-worker-66" daemon [_thread_blocked, id=3868, stack(0x000000085ce00000,0x000000085cf00000) (1024K)]
  0x000001fcf8b8b0b0 JavaThread "ForkJoinPool.commonPool-worker-65" daemon [_thread_blocked, id=16000, stack(0x000000085cf00000,0x000000085d000000) (1024K)]
  0x000001fcf8b8f8e0 JavaThread "ForkJoinPool.commonPool-worker-69" daemon [_thread_blocked, id=12736, stack(0x000000085d200000,0x000000085d300000) (1024K)]
  0x000001fcf8b8c460 JavaThread "ForkJoinPool.commonPool-worker-68" daemon [_thread_blocked, id=780, stack(0x000000085d300000,0x000000085d400000) (1024K)]
  0x000001fcf8b8d180 JavaThread "ForkJoinPool.commonPool-worker-70" daemon [_thread_blocked, id=17272, stack(0x000000085e600000,0x000000085e700000) (1024K)]
  0x000001fcf8b8caf0 JavaThread "ForkJoinPool.commonPool-worker-71" daemon [_thread_blocked, id=6864, stack(0x000000085e900000,0x000000085ea00000) (1024K)]
  0x000001fcf8b8dea0 JavaThread "ForkJoinPool.commonPool-worker-72" daemon [_thread_blocked, id=16108, stack(0x000000085ea00000,0x000000085eb00000) (1024K)]
  0x000001fcf55fbf70 JavaThread "Worker-78: Publish Diagnostics"        [_thread_blocked, id=19080, stack(0x000000085f000000,0x000000085f100000) (1024K)]
  0x000001fcf55fed60 JavaThread "RxNewThreadScheduler-7"     daemon [_thread_blocked, id=20208, stack(0x000000085f400000,0x000000085f500000) (1024K)]
Total: 61

Other Threads:
  0x000001fc93afea60 VMThread "VM Thread"                           [id=9568, stack(0x000000085a400000,0x000000085a500000) (1024K)]
  0x000001fc938eca00 WatcherThread "VM Periodic Task Thread"        [id=9596, stack(0x000000085a300000,0x000000085a400000) (1024K)]
  0x000001fc93a791c0 WorkerThread "GC Thread#0"                     [id=9864, stack(0x000000085a200000,0x000000085a300000) (1024K)]
  0x000001fcee1ba0c0 WorkerThread "GC Thread#1"                     [id=8952, stack(0x000000085b400000,0x000000085b500000) (1024K)]
  0x000001fcee806b20 WorkerThread "GC Thread#2"                     [id=15980, stack(0x000000085b500000,0x000000085b600000) (1024K)]
  0x000001fcee806ec0 WorkerThread "GC Thread#3"                     [id=13276, stack(0x000000085b600000,0x000000085b700000) (1024K)]
  0x000001fcee4de400 WorkerThread "GC Thread#4"                     [id=8268, stack(0x000000085b700000,0x000000085b800000) (1024K)]
  0x000001fcee4de7a0 WorkerThread "GC Thread#5"                     [id=11872, stack(0x000000085b800000,0x000000085b900000) (1024K)]
  0x000001fcee4df750 WorkerThread "GC Thread#6"                     [id=10500, stack(0x000000085b900000,0x000000085ba00000) (1024K)]
  0x000001fcf3263350 WorkerThread "GC Thread#7"                     [id=11232, stack(0x000000085bc00000,0x000000085bd00000) (1024K)]
  0x000001fcf3246f20 WorkerThread "GC Thread#8"                     [id=13200, stack(0x000000085c000000,0x000000085c100000) (1024K)]
  0x000001fcf32472c0 WorkerThread "GC Thread#9"                     [id=18340, stack(0x000000085c100000,0x000000085c200000) (1024K)]
  0x000001fcf3246440 WorkerThread "GC Thread#10"                    [id=1896, stack(0x000000085c200000,0x000000085c300000) (1024K)]
  0x000001fcf3247a00 WorkerThread "GC Thread#11"                    [id=6904, stack(0x000000085b300000,0x000000085b400000) (1024K)]
  0x000001fcf333c790 WorkerThread "GC Thread#12"                    [id=17332, stack(0x000000085c600000,0x000000085c700000) (1024K)]
Total: 15

Threads with active compile tasks:
C2 CompilerThread0  10138520 46582       4       org.eclipse.jdt.internal.compiler.parser.Scanner::internalScanIdentifierOrKeyword (5041 bytes)
Total: 1

VM state: at safepoint (normal execution)

VM Mutex/Monitor currently owned by a thread:  ([mutex/lock_event])
[0x00007ffc2ecfe308] Threads_lock - owner thread: 0x000001fc93afea60
[0x00007ffc2ecfe408] Heap_lock - owner thread: 0x000001fcf55fbf70

Heap address: 0x0000000080000000, size: 2048 MB, Compressed Oops mode: 32-bit

CDS archive(s) mapped at: [0x000001fcab000000-0x000001fcabba0000-0x000001fcabba0000), size 12189696, SharedBaseAddress: 0x000001fcab000000, ArchiveRelocationMode: 1.
Compressed class space mapped at: 0x000001fcac000000-0x000001fcec000000, reserved size: 1073741824
Narrow klass base: 0x000001fcab000000, Narrow klass shift: 0, Narrow klass range: 0x100000000

GC Precious Log:
 CardTable entry size: 512
 CPUs: 16 total, 16 available
 Memory: 14181M
 Large Page Support: Disabled
 NUMA Support: Disabled
 Compressed Oops: Enabled (32-bit)
 Alignments: Space 512K, Generation 512K, Heap 2M
 Heap Min Capacity: 100M
 Heap Initial Capacity: 100M
 Heap Max Capacity: 2G
 Pre-touch: Disabled
 Parallel Workers: 13

Heap:
 PSYoungGen      total 8192K, used 848K [0x00000000d5580000, 0x00000000d5f80000, 0x0000000100000000)
  eden space 7168K, 0% used [0x00000000d5580000,0x00000000d5580000,0x00000000d5c80000)
  from space 1024K, 82% used [0x00000000d5d80000,0x00000000d5e54010,0x00000000d5e80000)
  to   space 1024K, 0% used [0x00000000d5e80000,0x00000000d5e80000,0x00000000d5f80000)
 ParOldGen       total 1010688K, used 1010524K [0x0000000080000000, 0x00000000bdb00000, 0x00000000d5580000)
  object space 1010688K, 99% used [0x0000000080000000,0x00000000bdad70b8,0x00000000bdb00000)
 Metaspace       used 113028K, committed 115008K, reserved 1179648K
  class space    used 10656K, committed 11648K, reserved 1048576K

Card table byte_map: [0x000001fc93400000,0x000001fc93810000] _byte_map_base: 0x000001fc93000000

Marking Bits: (ParMarkBitMap*) 0x00007ffc2ed031f0
 Begin Bits: [0x000001fca5f00000, 0x000001fca7f00000)
 End Bits:   [0x000001fca7f00000, 0x000001fca9f00000)

Polling page: 0x000001fc91850000

Metaspace:

Usage:
  Non-class:     99.97 MB used.
      Class:     10.41 MB used.
       Both:    110.38 MB used.

Virtual space:
  Non-class space:      128.00 MB reserved,     100.94 MB ( 79%) committed,  2 nodes.
      Class space:        1.00 GB reserved,      11.38 MB (  1%) committed,  1 nodes.
             Both:        1.12 GB reserved,     112.31 MB ( 10%) committed. 

Chunk freelists:
   Non-Class:  10.67 MB
       Class:  4.68 MB
        Both:  15.35 MB

MaxMetaspaceSize: unlimited
CompressedClassSpaceSize: 1.00 GB
Initial GC threshold: 21.00 MB
Current GC threshold: 186.81 MB
CDS: on
 - commit_granule_bytes: 65536.
 - commit_granule_words: 8192.
 - virtual_space_node_default_size: 8388608.
 - enlarge_chunks_in_place: 1.
 - use_allocation_guard: 0.


Internal statistics:

num_allocs_failed_limit: 9.
num_arena_births: 2696.
num_arena_deaths: 684.
num_vsnodes_births: 3.
num_vsnodes_deaths: 0.
num_space_committed: 1811.
num_space_uncommitted: 11.
num_chunks_returned_to_freelist: 882.
num_chunks_taken_from_freelist: 8922.
num_chunk_merges: 231.
num_chunk_splits: 5045.
num_chunks_enlarged: 2692.
num_inconsistent_stats: 0.

CodeHeap 'non-profiled nmethods': size=119168Kb used=35402Kb max_used=35402Kb free=83765Kb
 bounds [0x000001fc9e7f0000, 0x000001fca0a90000, 0x000001fca5c50000]
CodeHeap 'profiled nmethods': size=119104Kb used=41946Kb max_used=49690Kb free=77157Kb
 bounds [0x000001fc96c50000, 0x000001fc99d20000, 0x000001fc9e0a0000]
CodeHeap 'non-nmethods': size=7488Kb used=1580Kb max_used=3376Kb free=5907Kb
 bounds [0x000001fc9e0a0000, 0x000001fc9e400000, 0x000001fc9e7f0000]
 total_blobs=19057 nmethods=18159 adapters=798
 compilation: enabled
              stopped_count=0, restarted_count=0
 full_count=0

Compilation events (20 events):
Event: 9890.950 Thread 0x000001fcec7fad80 46573       3       org.eclipse.jdt.core.dom.LambdaExpression::subtreeMatch0 (7 bytes)
Event: 9890.951 Thread 0x000001fcec7fad80 nmethod 46573 0x000001fc98245d10 code [0x000001fc98245ec0, 0x000001fc98246098]
Event: 9890.951 Thread 0x000001fcec7fad80 46574       3       org.eclipse.jdt.core.dom.ASTMatcher::match (59 bytes)
Event: 9890.951 Thread 0x000001fcec7f9f40 nmethod 46572% 0x000001fca0a6da10 code [0x000001fca0a6dba0, 0x000001fca0a6dcb8]
Event: 9890.952 Thread 0x000001fcec7fad80 nmethod 46574 0x000001fc96dca310 code [0x000001fc96dca540, 0x000001fc96dcad88]
Event: 9890.953 Thread 0x000001fcec7f9f40 46575       4       org.eclipse.jdt.internal.corext.dom.GenericVisitor::visit (6 bytes)
Event: 9890.954 Thread 0x000001fcec7f9f40 nmethod 46575 0x000001fca0a6dd90 code [0x000001fca0a6df20, 0x000001fca0a6dfd0]
Event: 10099.778 Thread 0x000001fcec7fad80 46576   !   3       org.eclipse.jdt.internal.corext.util.SuperTypeHierarchyCache::getMethodOverrideTester (92 bytes)
Event: 10099.779 Thread 0x000001fcec7fad80 nmethod 46576 0x000001fc984f2890 code [0x000001fc984f2ac0, 0x000001fc984f3400]
Event: 10099.810 Thread 0x000001fcec7f9f40 46577       4       org.eclipse.jdt.internal.compiler.parser.Parser::consumeRule (7748 bytes)
Event: 10099.810 Thread 0x000001fcec7fad80 46578       3       org.eclipse.jdt.internal.compiler.parser.Scanner::internalScanIdentifierOrKeyword (5041 bytes)
Event: 10099.826 Thread 0x000001fcec7fad80 nmethod 46578 0x000001fc976a5190 code [0x000001fc976a6100, 0x000001fc976b10e0]
Event: 10099.826 Thread 0x000001fcec7fad80 46579       3       org.eclipse.jdt.internal.compiler.parser.Parser::consumeFormalParameterListopt (6 bytes)
Event: 10099.827 Thread 0x000001fcec7fad80 nmethod 46579 0x000001fc997f9010 code [0x000001fc997f91c0, 0x000001fc997f9388]
Event: 10099.979 Thread 0x000001fcec7f9f40 nmethod 46577 0x000001fca0a6e090 code [0x000001fca0a71e20, 0x000001fca0a78678]
Event: 10101.081 Thread 0x000001fcec7f9f40 46580 %     4       org.eclipse.text.readers.SingleCharacterReader::getString @ 11 (33 bytes)
Event: 10101.111 Thread 0x000001fcec7f9f40 nmethod 46580% 0x000001fca0a80010 code [0x000001fca0a80300, 0x000001fca0a81680]
Event: 10137.212 Thread 0x000001fcec7f9f40 46581       4       org.eclipse.jdt.internal.compiler.parser.TerminalToken::getRestrictedKeyword (85 bytes)
Event: 10137.213 Thread 0x000001fcec7f9f40 nmethod 46581 0x000001fca0a82390 code [0x000001fca0a82540, 0x000001fca0a82700]
Event: 10137.346 Thread 0x000001fcec7f9f40 46582       4       org.eclipse.jdt.internal.compiler.parser.Scanner::internalScanIdentifierOrKeyword (5041 bytes)

GC Heap History (20 events):
Event: 10100.013 GC heap after
{Heap after GC invocations=18750 (full 31):
 PSYoungGen      total 6656K, used 1018K [0x00000000d5580000, 0x00000000d5e00000, 0x0000000100000000)
  eden space 5632K, 0% used [0x00000000d5580000,0x00000000d5580000,0x00000000d5b00000)
  from space 1024K, 99% used [0x00000000d5d00000,0x00000000d5dfe900,0x00000000d5e00000)
  to   space 1536K, 0% used [0x00000000d5b00000,0x00000000d5b00000,0x00000000d5c80000)
 ParOldGen       total 998912K, used 998536K [0x0000000080000000, 0x00000000bcf80000, 0x00000000d5580000)
  object space 998912K, 99% used [0x0000000080000000,0x00000000bcf22370,0x00000000bcf80000)
 Metaspace       used 113028K, committed 115008K, reserved 1179648K
  class space    used 10656K, committed 11648K, reserved 1048576K
}
Event: 10100.056 GC heap before
{Heap before GC invocations=18751 (full 31):
 PSYoungGen      total 6656K, used 6630K [0x00000000d5580000, 0x00000000d5e00000, 0x0000000100000000)
  eden space 5632K, 99% used [0x00000000d5580000,0x00000000d5afb2c8,0x00000000d5b00000)
  from space 1024K, 99% used [0x00000000d5d00000,0x00000000d5dfe900,0x00000000d5e00000)
  to   space 1536K, 0% used [0x00000000d5b00000,0x00000000d5b00000,0x00000000d5c80000)
 ParOldGen       total 998912K, used 998536K [0x0000000080000000, 0x00000000bcf80000, 0x00000000d5580000)
  object space 998912K, 99% used [0x0000000080000000,0x00000000bcf22370,0x00000000bcf80000)
 Metaspace       used 113028K, committed 115008K, reserved 1179648K
  class space    used 10656K, committed 11648K, reserved 1048576K
}
Event: 10100.059 GC heap after
{Heap after GC invocations=18751 (full 31):
 PSYoungGen      total 7168K, used 1532K [0x00000000d5580000, 0x00000000d6800000, 0x0000000100000000)
  eden space 5632K, 0% used [0x00000000d5580000,0x00000000d5580000,0x00000000d5b00000)
  from space 1536K, 99% used [0x00000000d5b00000,0x00000000d5c7f288,0x00000000d5c80000)
  to   space 6656K, 0% used [0x00000000d6180000,0x00000000d6180000,0x00000000d6800000)
 ParOldGen       total 1003008K, used 1002553K [0x0000000080000000, 0x00000000bd380000, 0x00000000d5580000)
  object space 1003008K, 99% used [0x0000000080000000,0x00000000bd30e678,0x00000000bd380000)
 Metaspace       used 113028K, committed 115008K, reserved 1179648K
  class space    used 10656K, committed 11648K, reserved 1048576K
}
Event: 10100.439 GC heap before
{Heap before GC invocations=18752 (full 31):
 PSYoungGen      total 7168K, used 7164K [0x00000000d5580000, 0x00000000d6800000, 0x0000000100000000)
  eden space 5632K, 99% used [0x00000000d5580000,0x00000000d5afffd8,0x00000000d5b00000)
  from space 1536K, 99% used [0x00000000d5b00000,0x00000000d5c7f288,0x00000000d5c80000)
  to   space 6656K, 0% used [0x00000000d6180000,0x00000000d6180000,0x00000000d6800000)
 ParOldGen       total 1003008K, used 1002553K [0x0000000080000000, 0x00000000bd380000, 0x00000000d5580000)
  object space 1003008K, 99% used [0x0000000080000000,0x00000000bd30e678,0x00000000bd380000)
 Metaspace       used 113028K, committed 115008K, reserved 1179648K
  class space    used 10656K, committed 11648K, reserved 1048576K
}
Event: 10100.443 GC heap after
{Heap after GC invocations=18752 (full 31):
 PSYoungGen      total 7680K, used 1860K [0x00000000d5580000, 0x00000000d6380000, 0x0000000100000000)
  eden space 5632K, 0% used [0x00000000d5580000,0x00000000d5580000,0x00000000d5b00000)
  from space 2048K, 90% used [0x00000000d6180000,0x00000000d6351240,0x00000000d6380000)
  to   space 3584K, 0% used [0x00000000d5c80000,0x00000000d5c80000,0x00000000d6000000)
 ParOldGen       total 1004544K, used 1004067K [0x0000000080000000, 0x00000000bd500000, 0x00000000d5580000)
  object space 1004544K, 99% used [0x0000000080000000,0x00000000bd488cb8,0x00000000bd500000)
 Metaspace       used 113028K, committed 115008K, reserved 1179648K
  class space    used 10656K, committed 11648K, reserved 1048576K
}
Event: 10101.032 GC heap before
{Heap before GC invocations=18753 (full 31):
 PSYoungGen      total 7680K, used 7492K [0x00000000d5580000, 0x00000000d6380000, 0x0000000100000000)
  eden space 5632K, 100% used [0x00000000d5580000,0x00000000d5b00000,0x00000000d5b00000)
  from space 2048K, 90% used [0x00000000d6180000,0x00000000d6351240,0x00000000d6380000)
  to   space 3584K, 0% used [0x00000000d5c80000,0x00000000d5c80000,0x00000000d6000000)
 ParOldGen       total 1004544K, used 1004067K [0x0000000080000000, 0x00000000bd500000, 0x00000000d5580000)
  object space 1004544K, 99% used [0x0000000080000000,0x00000000bd488cb8,0x00000000bd500000)
 Metaspace       used 113028K, committed 115008K, reserved 1179648K
  class space    used 10656K, committed 11648K, reserved 1048576K
}
Event: 10101.035 GC heap after
{Heap after GC invocations=18753 (full 31):
 PSYoungGen      total 9216K, used 1558K [0x00000000d5580000, 0x00000000d6200000, 0x0000000100000000)
  eden space 5632K, 0% used [0x00000000d5580000,0x00000000d5580000,0x00000000d5b00000)
  from space 3584K, 43% used [0x00000000d5c80000,0x00000000d5e05b00,0x00000000d6000000)
  to   space 2048K, 0% used [0x00000000d6000000,0x00000000d6000000,0x00000000d6200000)
 ParOldGen       total 1006080K, used 1005694K [0x0000000080000000, 0x00000000bd680000, 0x00000000d5580000)
  object space 1006080K, 99% used [0x0000000080000000,0x00000000bd61f988,0x00000000bd680000)
 Metaspace       used 113028K, committed 115008K, reserved 1179648K
  class space    used 10656K, committed 11648K, reserved 1048576K
}
Event: 10137.204 GC heap before
{Heap before GC invocations=18754 (full 31):
 PSYoungGen      total 9216K, used 7190K [0x00000000d5580000, 0x00000000d6200000, 0x0000000100000000)
  eden space 5632K, 100% used [0x00000000d5580000,0x00000000d5b00000,0x00000000d5b00000)
  from space 3584K, 43% used [0x00000000d5c80000,0x00000000d5e05b00,0x00000000d6000000)
  to   space 2048K, 0% used [0x00000000d6000000,0x00000000d6000000,0x00000000d6200000)
 ParOldGen       total 1006080K, used 1005694K [0x0000000080000000, 0x00000000bd680000, 0x00000000d5580000)
  object space 1006080K, 99% used [0x0000000080000000,0x00000000bd61f988,0x00000000bd680000)
 Metaspace       used 113028K, committed 115008K, reserved 1179648K
  class space    used 10656K, committed 11648K, reserved 1048576K
}
Event: 10137.206 GC heap after
{Heap after GC invocations=18754 (full 31):
 PSYoungGen      total 6144K, used 384K [0x00000000d5580000, 0x00000000d6080000, 0x0000000100000000)
  eden space 5632K, 0% used [0x00000000d5580000,0x00000000d5580000,0x00000000d5b00000)
  from space 512K, 75% used [0x00000000d6000000,0x00000000d6060000,0x00000000d6080000)
  to   space 1024K, 0% used [0x00000000d5e80000,0x00000000d5e80000,0x00000000d5f80000)
 ParOldGen       total 1006080K, used 1005942K [0x0000000080000000, 0x00000000bd680000, 0x00000000d5580000)
  object space 1006080K, 99% used [0x0000000080000000,0x00000000bd65d988,0x00000000bd680000)
 Metaspace       used 113028K, committed 115008K, reserved 1179648K
  class space    used 10656K, committed 11648K, reserved 1048576K
}
Event: 10137.220 GC heap before
{Heap before GC invocations=18755 (full 31):
 PSYoungGen      total 6144K, used 6016K [0x00000000d5580000, 0x00000000d6080000, 0x0000000100000000)
  eden space 5632K, 100% used [0x00000000d5580000,0x00000000d5b00000,0x00000000d5b00000)
  from space 512K, 75% used [0x00000000d6000000,0x00000000d6060000,0x00000000d6080000)
  to   space 1024K, 0% used [0x00000000d5e80000,0x00000000d5e80000,0x00000000d5f80000)
 ParOldGen       total 1006080K, used 1005942K [0x0000000080000000, 0x00000000bd680000, 0x00000000d5580000)
  object space 1006080K, 99% used [0x0000000080000000,0x00000000bd65d988,0x00000000bd680000)
 Metaspace       used 113028K, committed 115008K, reserved 1179648K
  class space    used 10656K, committed 11648K, reserved 1048576K
}
Event: 10137.223 GC heap after
{Heap after GC invocations=18755 (full 31):
 PSYoungGen      total 6656K, used 996K [0x00000000d5580000, 0x00000000d6080000, 0x0000000100000000)
  eden space 5632K, 0% used [0x00000000d5580000,0x00000000d5580000,0x00000000d5b00000)
  from space 1024K, 97% used [0x00000000d5e80000,0x00000000d5f79210,0x00000000d5f80000)
  to   space 1024K, 0% used [0x00000000d5f80000,0x00000000d5f80000,0x00000000d6080000)
 ParOldGen       total 1006592K, used 1006106K [0x0000000080000000, 0x00000000bd700000, 0x00000000d5580000)
  object space 1006592K, 99% used [0x0000000080000000,0x00000000bd6869b0,0x00000000bd700000)
 Metaspace       used 113028K, committed 115008K, reserved 1179648K
  class space    used 10656K, committed 11648K, reserved 1048576K
}
Event: 10137.241 GC heap before
{Heap before GC invocations=18756 (full 31):
 PSYoungGen      total 6656K, used 6628K [0x00000000d5580000, 0x00000000d6080000, 0x0000000100000000)
  eden space 5632K, 100% used [0x00000000d5580000,0x00000000d5b00000,0x00000000d5b00000)
  from space 1024K, 97% used [0x00000000d5e80000,0x00000000d5f79210,0x00000000d5f80000)
  to   space 1024K, 0% used [0x00000000d5f80000,0x00000000d5f80000,0x00000000d6080000)
 ParOldGen       total 1006592K, used 1006106K [0x0000000080000000, 0x00000000bd700000, 0x00000000d5580000)
  object space 1006592K, 99% used [0x0000000080000000,0x00000000bd6869b0,0x00000000bd700000)
 Metaspace       used 113028K, committed 115008K, reserved 1179648K
  class space    used 10656K, committed 11648K, reserved 1048576K
}
Event: 10137.245 GC heap after
{Heap after GC invocations=18756 (full 31):
 PSYoungGen      total 6656K, used 672K [0x00000000d5580000, 0x00000000d6080000, 0x0000000100000000)
  eden space 5632K, 0% used [0x00000000d5580000,0x00000000d5580000,0x00000000d5b00000)
  from space 1024K, 65% used [0x00000000d5f80000,0x00000000d6028020,0x00000000d6080000)
  to   space 1024K, 0% used [0x00000000d5e80000,0x00000000d5e80000,0x00000000d5f80000)
 ParOldGen       total 1007104K, used 1006850K [0x0000000080000000, 0x00000000bd780000, 0x00000000d5580000)
  object space 1007104K, 99% used [0x0000000080000000,0x00000000bd740bd0,0x00000000bd780000)
 Metaspace       used 113028K, committed 115008K, reserved 1179648K
  class space    used 10656K, committed 11648K, reserved 1048576K
}
Event: 10137.260 GC heap before
{Heap before GC invocations=18757 (full 31):
 PSYoungGen      total 6656K, used 6304K [0x00000000d5580000, 0x00000000d6080000, 0x0000000100000000)
  eden space 5632K, 100% used [0x00000000d5580000,0x00000000d5b00000,0x00000000d5b00000)
  from space 1024K, 65% used [0x00000000d5f80000,0x00000000d6028020,0x00000000d6080000)
  to   space 1024K, 0% used [0x00000000d5e80000,0x00000000d5e80000,0x00000000d5f80000)
 ParOldGen       total 1007104K, used 1006850K [0x0000000080000000, 0x00000000bd780000, 0x00000000d5580000)
  object space 1007104K, 99% used [0x0000000080000000,0x00000000bd740bd0,0x00000000bd780000)
 Metaspace       used 113028K, committed 115008K, reserved 1179648K
  class space    used 10656K, committed 11648K, reserved 1048576K
}
Event: 10137.263 GC heap after
{Heap after GC invocations=18757 (full 31):
 PSYoungGen      total 6656K, used 1012K [0x00000000d5580000, 0x00000000d6000000, 0x0000000100000000)
  eden space 5632K, 0% used [0x00000000d5580000,0x00000000d5580000,0x00000000d5b00000)
  from space 1024K, 98% used [0x00000000d5e80000,0x00000000d5f7d200,0x00000000d5f80000)
  to   space 512K, 0% used [0x00000000d5f80000,0x00000000d5f80000,0x00000000d6000000)
 ParOldGen       total 1007616K, used 1007455K [0x0000000080000000, 0x00000000bd800000, 0x00000000d5580000)
  object space 1007616K, 99% used [0x0000000080000000,0x00000000bd7d7c30,0x00000000bd800000)
 Metaspace       used 113028K, committed 115008K, reserved 1179648K
  class space    used 10656K, committed 11648K, reserved 1048576K
}
Event: 10137.278 GC heap before
{Heap before GC invocations=18758 (full 31):
 PSYoungGen      total 6656K, used 6644K [0x00000000d5580000, 0x00000000d6000000, 0x0000000100000000)
  eden space 5632K, 100% used [0x00000000d5580000,0x00000000d5b00000,0x00000000d5b00000)
  from space 1024K, 98% used [0x00000000d5e80000,0x00000000d5f7d200,0x00000000d5f80000)
  to   space 512K, 0% used [0x00000000d5f80000,0x00000000d5f80000,0x00000000d6000000)
 ParOldGen       total 1007616K, used 1007455K [0x0000000080000000, 0x00000000bd800000, 0x00000000d5580000)
  object space 1007616K, 99% used [0x0000000080000000,0x00000000bd7d7c30,0x00000000bd800000)
 Metaspace       used 113028K, committed 115008K, reserved 1179648K
  class space    used 10656K, committed 11648K, reserved 1048576K
}
Event: 10137.281 GC heap after
{Heap after GC invocations=18758 (full 31):
 PSYoungGen      total 6144K, used 512K [0x00000000d5580000, 0x00000000d6000000, 0x0000000100000000)
  eden space 5632K, 0% used [0x00000000d5580000,0x00000000d5580000,0x00000000d5b00000)
  from space 512K, 100% used [0x00000000d5f80000,0x00000000d6000000,0x00000000d6000000)
  to   space 2048K, 0% used [0x00000000d5c00000,0x00000000d5c00000,0x00000000d5e00000)
 ParOldGen       total 1008640K, used 1008447K [0x0000000080000000, 0x00000000bd900000, 0x00000000d5580000)
  object space 1008640K, 99% used [0x0000000080000000,0x00000000bd8cfc58,0x00000000bd900000)
 Metaspace       used 113028K, committed 115008K, reserved 1179648K
  class space    used 10656K, committed 11648K, reserved 1048576K
}
Event: 10137.310 GC heap before
{Heap before GC invocations=18759 (full 31):
 PSYoungGen      total 6144K, used 6144K [0x00000000d5580000, 0x00000000d6000000, 0x0000000100000000)
  eden space 5632K, 100% used [0x00000000d5580000,0x00000000d5b00000,0x00000000d5b00000)
  from space 512K, 100% used [0x00000000d5f80000,0x00000000d6000000,0x00000000d6000000)
  to   space 2048K, 0% used [0x00000000d5c00000,0x00000000d5c00000,0x00000000d5e00000)
 ParOldGen       total 1008640K, used 1008447K [0x0000000080000000, 0x00000000bd900000, 0x00000000d5580000)
  object space 1008640K, 99% used [0x0000000080000000,0x00000000bd8cfc58,0x00000000bd900000)
 Metaspace       used 113028K, committed 115008K, reserved 1179648K
  class space    used 10656K, committed 11648K, reserved 1048576K
}
Event: 10137.313 GC heap after
{Heap after GC invocations=18759 (full 31):
 PSYoungGen      total 7680K, used 1120K [0x00000000d5580000, 0x00000000d6000000, 0x0000000100000000)
  eden space 5632K, 0% used [0x00000000d5580000,0x00000000d5580000,0x00000000d5b00000)
  from space 2048K, 54% used [0x00000000d5c00000,0x00000000d5d18000,0x00000000d5e00000)
  to   space 1536K, 0% used [0x00000000d5e80000,0x00000000d5e80000,0x00000000d6000000)
 ParOldGen       total 1009152K, used 1008959K [0x0000000080000000, 0x00000000bd980000, 0x00000000d5580000)
  object space 1009152K, 99% used [0x0000000080000000,0x00000000bd94fca8,0x00000000bd980000)
 Metaspace       used 113028K, committed 115008K, reserved 1179648K
  class space    used 10656K, committed 11648K, reserved 1048576K
}
Event: 10137.612 GC heap before
{Heap before GC invocations=18760 (full 31):
 PSYoungGen      total 7680K, used 6752K [0x00000000d5580000, 0x00000000d6000000, 0x0000000100000000)
  eden space 5632K, 100% used [0x00000000d5580000,0x00000000d5b00000,0x00000000d5b00000)
  from space 2048K, 54% used [0x00000000d5c00000,0x00000000d5d18000,0x00000000d5e00000)
  to   space 1536K, 0% used [0x00000000d5e80000,0x00000000d5e80000,0x00000000d6000000)
 ParOldGen       total 1009152K, used 1008959K [0x0000000080000000, 0x00000000bd980000, 0x00000000d5580000)
  object space 1009152K, 99% used [0x0000000080000000,0x00000000bd94fca8,0x00000000bd980000)
 Metaspace       used 113028K, committed 115008K, reserved 1179648K
  class space    used 10656K, committed 11648K, reserved 1048576K
}

Dll operation events (14 events):
Event: 0.012 Loaded shared library c:\Users\lorenzo\.vscode\extensions\redhat.java-1.43.1-win32-x64\jre\21.0.7-win32-x86_64\bin\java.dll
Event: 0.107 Loaded shared library c:\Users\lorenzo\.vscode\extensions\redhat.java-1.43.1-win32-x64\jre\21.0.7-win32-x86_64\bin\zip.dll
Event: 0.143 Loaded shared library C:\Users\lorenzo\.vscode\extensions\redhat.java-1.43.1-win32-x64\jre\21.0.7-win32-x86_64\bin\instrument.dll
Event: 0.152 Loaded shared library C:\Users\lorenzo\.vscode\extensions\redhat.java-1.43.1-win32-x64\jre\21.0.7-win32-x86_64\bin\net.dll
Event: 0.155 Loaded shared library C:\Users\lorenzo\.vscode\extensions\redhat.java-1.43.1-win32-x64\jre\21.0.7-win32-x86_64\bin\nio.dll
Event: 0.162 Loaded shared library C:\Users\lorenzo\.vscode\extensions\redhat.java-1.43.1-win32-x64\jre\21.0.7-win32-x86_64\bin\zip.dll
Event: 0.193 Loaded shared library C:\Users\lorenzo\.vscode\extensions\redhat.java-1.43.1-win32-x64\jre\21.0.7-win32-x86_64\bin\jimage.dll
Event: 0.302 Loaded shared library c:\Users\lorenzo\.vscode\extensions\redhat.java-1.43.1-win32-x64\jre\21.0.7-win32-x86_64\bin\verify.dll
Event: 1.995 Loaded shared library C:\Users\lorenzo\AppData\Roaming\Code\User\globalStorage\redhat.java\1.43.1\config_win\org.eclipse.equinox.launcher\org.eclipse.equinox.launcher.win32.win32.x86_64_1.2.1300.v20250331-1702\eclipse_11911.dll
Event: 3.339 Loaded shared library C:\Users\lorenzo\.vscode\extensions\redhat.java-1.43.1-win32-x64\jre\21.0.7-win32-x86_64\bin\management.dll
Event: 3.342 Loaded shared library C:\Users\lorenzo\.vscode\extensions\redhat.java-1.43.1-win32-x64\jre\21.0.7-win32-x86_64\bin\management_ext.dll
Event: 4.845 Loaded shared library C:\Users\lorenzo\AppData\Local\Temp\jna-352385389\jna13646451161361281126.dll
Event: 5.205 Loaded shared library C:\Users\lorenzo\.vscode\extensions\redhat.java-1.43.1-win32-x64\jre\21.0.7-win32-x86_64\bin\sunmscapi.dll
Event: 5.435 Loaded shared library C:\Users\lorenzo\.vscode\extensions\redhat.java-1.43.1-win32-x64\jre\21.0.7-win32-x86_64\bin\extnet.dll

Deoptimization events (20 events):
Event: 9837.114 Thread 0x000001fcf55fed60 Uncommon trap: trap_request=0xffffffde fr.pc=0x000001fc9f6753bc relative=0x0000000000000d5c
Event: 9837.114 Thread 0x000001fcf55fed60 Uncommon trap: reason=class_check action=maybe_recompile pc=0x000001fc9f6753bc method=com.google.gson.internal.bind.MapTypeAdapterFactory$Adapter.write(Lcom/google/gson/stream/JsonWriter;Ljava/util/Map;)V @ 21 c2
Event: 9837.114 Thread 0x000001fcf55fed60 DEOPT PACKING pc=0x000001fc9f6753bc sp=0x000000085f4fe4e0
Event: 9837.114 Thread 0x000001fcf55fed60 DEOPT UNPACKING pc=0x000001fc9e0f3aa2 sp=0x000000085f4fe488 mode 2
Event: 9837.304 Thread 0x000001fcf34c5e40 Uncommon trap: trap_request=0xffffffde fr.pc=0x000001fc9e8563b8 relative=0x00000000000001f8
Event: 9837.304 Thread 0x000001fcf34c5e40 Uncommon trap: reason=class_check action=maybe_recompile pc=0x000001fc9e8563b8 method=java.util.stream.IntPipeline$1$1.accept(I)V @ 12 c2
Event: 9837.304 Thread 0x000001fcf34c5e40 DEOPT PACKING pc=0x000001fc9e8563b8 sp=0x000000085fafe6d0
Event: 9837.304 Thread 0x000001fcf34c5e40 DEOPT UNPACKING pc=0x000001fc9e0f3aa2 sp=0x000000085fafe660 mode 2
Event: 10099.809 Thread 0x000001fcf3eed6c0 Uncommon trap: trap_request=0xffffffde fr.pc=0x000001fca0a42c08 relative=0x0000000000000f68
Event: 10099.809 Thread 0x000001fcf3eed6c0 Uncommon trap: reason=class_check action=maybe_recompile pc=0x000001fca0a42c08 method=org.eclipse.jdt.internal.compiler.parser.Parser.consumeRule(I)V @ 6351 c2
Event: 10099.809 Thread 0x000001fcf3eed6c0 DEOPT PACKING pc=0x000001fca0a42c08 sp=0x000000085c7fd880
Event: 10099.809 Thread 0x000001fcf3eed6c0 DEOPT UNPACKING pc=0x000001fc9e0f3aa2 sp=0x000000085c7fd808 mode 2
Event: 10099.809 Thread 0x000001fcf3eed6c0 Uncommon trap: trap_request=0xffffffde fr.pc=0x000001fca0a42c08 relative=0x0000000000000f68
Event: 10099.809 Thread 0x000001fcf3eed6c0 Uncommon trap: reason=class_check action=maybe_recompile pc=0x000001fca0a42c08 method=org.eclipse.jdt.internal.compiler.parser.Parser.consumeRule(I)V @ 6351 c2
Event: 10099.809 Thread 0x000001fcf3eed6c0 DEOPT PACKING pc=0x000001fca0a42c08 sp=0x000000085c7fd880
Event: 10099.809 Thread 0x000001fcf3eed6c0 DEOPT UNPACKING pc=0x000001fc9e0f3aa2 sp=0x000000085c7fd808 mode 2
Event: 10099.810 Thread 0x000001fcf3eed6c0 Uncommon trap: trap_request=0xffffff45 fr.pc=0x000001fca09f3a88 relative=0x0000000000002408
Event: 10099.810 Thread 0x000001fcf3eed6c0 Uncommon trap: reason=unstable_if action=reinterpret pc=0x000001fca09f3a88 method=org.eclipse.jdt.internal.compiler.parser.Scanner.internalScanIdentifierOrKeyword(II[C)Lorg/eclipse/jdt/internal/compiler/parser/TerminalToken; @ 1107 c2
Event: 10099.810 Thread 0x000001fcf3eed6c0 DEOPT PACKING pc=0x000001fca09f3a88 sp=0x000000085c7fd6d0
Event: 10099.810 Thread 0x000001fcf3eed6c0 DEOPT UNPACKING pc=0x000001fc9e0f3aa2 sp=0x000000085c7fd680 mode 2

Classes loaded (20 events):
Event: 7735.154 Loading class jdk/internal/module/IllegalAccessLogger
Event: 7735.154 Loading class jdk/internal/module/IllegalAccessLogger done
Event: 7739.744 Loading class jdk/internal/module/IllegalAccessLogger
Event: 7739.744 Loading class jdk/internal/module/IllegalAccessLogger done
Event: 7746.349 Loading class jdk/internal/module/IllegalAccessLogger
Event: 7746.349 Loading class jdk/internal/module/IllegalAccessLogger done
Event: 7751.844 Loading class jdk/internal/module/IllegalAccessLogger
Event: 7751.844 Loading class jdk/internal/module/IllegalAccessLogger done
Event: 9727.763 Loading class jdk/internal/module/IllegalAccessLogger
Event: 9727.763 Loading class jdk/internal/module/IllegalAccessLogger done
Event: 9808.003 Loading class jdk/internal/module/IllegalAccessLogger
Event: 9808.003 Loading class jdk/internal/module/IllegalAccessLogger done
Event: 9815.179 Loading class jdk/internal/module/IllegalAccessLogger
Event: 9815.179 Loading class jdk/internal/module/IllegalAccessLogger done
Event: 9824.247 Loading class jdk/internal/module/IllegalAccessLogger
Event: 9824.247 Loading class jdk/internal/module/IllegalAccessLogger done
Event: 9826.404 Loading class jdk/internal/module/IllegalAccessLogger
Event: 9826.404 Loading class jdk/internal/module/IllegalAccessLogger done
Event: 9834.378 Loading class jdk/internal/module/IllegalAccessLogger
Event: 9834.378 Loading class jdk/internal/module/IllegalAccessLogger done

Classes unloaded (20 events):
Event: 6725.874 Thread 0x000001fc93afea60 Unloading class 0x000001fcac891800 'java/lang/invoke/LambdaForm$MH+0x000001fcac891800'
Event: 6725.874 Thread 0x000001fc93afea60 Unloading class 0x000001fcac892800 'java/lang/invoke/LambdaForm$MH+0x000001fcac892800'
Event: 6725.874 Thread 0x000001fc93afea60 Unloading class 0x000001fcac893400 'java/lang/invoke/LambdaForm$MH+0x000001fcac893400'
Event: 6725.874 Thread 0x000001fc93afea60 Unloading class 0x000001fcac7cc000 'java/lang/invoke/LambdaForm$MH+0x000001fcac7cc000'
Event: 7162.530 Thread 0x000001fc93afea60 Unloading class 0x000001fcacb2d000 'java/lang/invoke/LambdaForm$MH+0x000001fcacb2d000'
Event: 7162.532 Thread 0x000001fc93afea60 Unloading class 0x000001fcacb2cc00 'java/lang/invoke/LambdaForm$MH+0x000001fcacb2cc00'
Event: 7162.532 Thread 0x000001fc93afea60 Unloading class 0x000001fcacb2c400 'java/lang/invoke/LambdaForm$MH+0x000001fcacb2c400'
Event: 7162.532 Thread 0x000001fc93afea60 Unloading class 0x000001fcac018400 'java/lang/invoke/LambdaForm$MH+0x000001fcac018400'
Event: 7162.532 Thread 0x000001fc93afea60 Unloading class 0x000001fcaca9b000 'java/lang/invoke/LambdaForm$MH+0x000001fcaca9b000'
Event: 7162.532 Thread 0x000001fc93afea60 Unloading class 0x000001fcaca9a800 'java/lang/invoke/LambdaForm$MH+0x000001fcaca9a800'
Event: 7162.533 Thread 0x000001fc93afea60 Unloading class 0x000001fcaca96c00 'java/lang/invoke/LambdaForm$MH+0x000001fcaca96c00'
Event: 7162.533 Thread 0x000001fc93afea60 Unloading class 0x000001fcaca96800 'java/lang/invoke/LambdaForm$MH+0x000001fcaca96800'
Event: 7162.533 Thread 0x000001fc93afea60 Unloading class 0x000001fcaca96400 'java/lang/invoke/LambdaForm$MH+0x000001fcaca96400'
Event: 7532.181 Thread 0x000001fc93afea60 Unloading class 0x000001fcac000400 'java/lang/invoke/LambdaForm$MH+0x000001fcac000400'
Event: 7772.253 Thread 0x000001fc93afea60 Unloading class 0x000001fcac014800 'java/lang/invoke/LambdaForm$MH+0x000001fcac014800'
Event: 7772.253 Thread 0x000001fc93afea60 Unloading class 0x000001fcacac7000 'java/lang/invoke/LambdaForm$MH+0x000001fcacac7000'
Event: 7772.253 Thread 0x000001fc93afea60 Unloading class 0x000001fcacac8c00 'java/lang/invoke/LambdaForm$MH+0x000001fcacac8c00'
Event: 7772.253 Thread 0x000001fc93afea60 Unloading class 0x000001fcac1b9800 'java/lang/invoke/LambdaForm$MH+0x000001fcac1b9800'
Event: 7772.253 Thread 0x000001fc93afea60 Unloading class 0x000001fcac1b9400 'java/lang/invoke/LambdaForm$MH+0x000001fcac1b9400'
Event: 7772.253 Thread 0x000001fc93afea60 Unloading class 0x000001fcac1b9000 'java/lang/invoke/LambdaForm$MH+0x000001fcac1b9000'

Classes redefined (0 events):
No events

Internal exceptions (20 events):
Event: 9829.515 Thread 0x000001fcf8b8bdd0 Exception <a 'java/lang/ArrayIndexOutOfBoundsException'{0x00000000d597b518}> (0x00000000d597b518) 
thrown [s\src\hotspot\share\runtime\sharedRuntime.cpp, line 625]
Event: 9829.538 Thread 0x000001fcf8b8bdd0 Exception <a 'java/lang/ArrayIndexOutOfBoundsException'{0x00000000d56b0f38}> (0x00000000d56b0f38) 
thrown [s\src\hotspot\share\runtime\sharedRuntime.cpp, line 625]
Event: 9829.540 Thread 0x000001fcf55fe040 Exception <a 'java/lang/ArrayIndexOutOfBoundsException'{0x00000000d5706870}> (0x00000000d5706870) 
thrown [s\src\hotspot\share\runtime\sharedRuntime.cpp, line 625]
Event: 9829.589 Thread 0x000001fcf55fbf70 Exception <a 'java/lang/ArrayIndexOutOfBoundsException'{0x00000000d5bd4f80}> (0x00000000d5bd4f80) 
thrown [s\src\hotspot\share\runtime\sharedRuntime.cpp, line 625]
Event: 9831.511 Thread 0x000001fcf8b8bdd0 Exception <a 'java/lang/ArrayIndexOutOfBoundsException'{0x00000000d56974a0}: Index 3794 out of bounds for length 3794> (0x00000000d56974a0) 
thrown [s\src\hotspot\share\interpreter\interpreterRuntime.cpp, line 439]
Event: 9831.511 Thread 0x000001fcf8b8bdd0 Exception <a 'java/lang/ArrayIndexOutOfBoundsException'{0x00000000d5697ea0}: Index 3794 out of bounds for length 3794> (0x00000000d5697ea0) 
thrown [s\src\hotspot\share\interpreter\interpreterRuntime.cpp, line 439]
Event: 9834.253 Thread 0x000001fcf3a8a690 Exception <a 'sun/nio/fs/WindowsException'{0x00000000d5c17f78}> (0x00000000d5c17f78) 
thrown [s\src\hotspot\share\prims\jni.cpp, line 520]
Event: 9834.570 Thread 0x000001fcf3a8a690 Exception <a 'sun/nio/fs/WindowsException'{0x00000000d56c4a28}> (0x00000000d56c4a28) 
thrown [s\src\hotspot\share\prims\jni.cpp, line 520]
Event: 9836.594 Thread 0x000001fcf8b8bdd0 Exception <a 'sun/nio/fs/WindowsException'{0x00000000d5bbd768}> (0x00000000d5bbd768) 
thrown [s\src\hotspot\share\prims\jni.cpp, line 520]
Event: 9836.594 Thread 0x000001fcf8b8bdd0 Exception <a 'sun/nio/fs/WindowsException'{0x00000000d5bbe268}> (0x00000000d5bbe268) 
thrown [s\src\hotspot\share\prims\jni.cpp, line 520]
Event: 9836.594 Thread 0x000001fcf8b8bdd0 Exception <a 'sun/nio/fs/WindowsException'{0x00000000d5bbf510}> (0x00000000d5bbf510) 
thrown [s\src\hotspot\share\prims\jni.cpp, line 520]
Event: 9836.594 Thread 0x000001fcf8b8bdd0 Exception <a 'sun/nio/fs/WindowsException'{0x00000000d5bc0010}> (0x00000000d5bc0010) 
thrown [s\src\hotspot\share\prims\jni.cpp, line 520]
Event: 9836.594 Thread 0x000001fcf8b8bdd0 Exception <a 'sun/nio/fs/WindowsException'{0x00000000d5bc1c80}> (0x00000000d5bc1c80) 
thrown [s\src\hotspot\share\prims\jni.cpp, line 520]
Event: 9836.594 Thread 0x000001fcf8b8bdd0 Exception <a 'sun/nio/fs/WindowsException'{0x00000000d5bc24d0}> (0x00000000d5bc24d0) 
thrown [s\src\hotspot\share\prims\jni.cpp, line 520]
Event: 9836.597 Thread 0x000001fcf8b8bdd0 Exception <a 'sun/nio/fs/WindowsException'{0x00000000d5bdf428}> (0x00000000d5bdf428) 
thrown [s\src\hotspot\share\prims\jni.cpp, line 520]
Event: 9836.598 Thread 0x000001fcf8b8bdd0 Exception <a 'sun/nio/fs/WindowsException'{0x00000000d5bdff28}> (0x00000000d5bdff28) 
thrown [s\src\hotspot\share\prims\jni.cpp, line 520]
Event: 9837.112 Thread 0x000001fcf55fed60 Exception <a 'sun/nio/fs/WindowsException'{0x00000000d5b19750}> (0x00000000d5b19750) 
thrown [s\src\hotspot\share\prims\jni.cpp, line 520]
Event: 9837.112 Thread 0x000001fcf55fed60 Exception <a 'sun/nio/fs/WindowsException'{0x00000000d5b19dc0}> (0x00000000d5b19dc0) 
thrown [s\src\hotspot\share\prims\jni.cpp, line 520]
Event: 10101.082 Thread 0x000001fcf3eed6c0 Exception <a 'java/lang/ClassNotFoundException'{0x00000000d56d3a20}: sun/net/www/protocol/jdt/Handler> (0x00000000d56d3a20) 
thrown [s\src\hotspot\share\classfile\systemDictionary.cpp, line 312]
Event: 10101.083 Thread 0x000001fcf3eed6c0 Exception <a 'java/lang/ClassNotFoundException'{0x00000000d56d78f8}: sun/net/www/protocol/jdt/Handler> (0x00000000d56d78f8) 
thrown [s\src\hotspot\share\classfile\systemDictionary.cpp, line 312]

ZGC Phase Switch (0 events):
No events

VM Operations (20 events):
Event: 10100.013 Executing VM operation: ParallelGCFailedAllocation (Allocation Failure) done
Event: 10100.056 Executing VM operation: ParallelGCFailedAllocation (Allocation Failure)
Event: 10100.059 Executing VM operation: ParallelGCFailedAllocation (Allocation Failure) done
Event: 10100.439 Executing VM operation: ParallelGCFailedAllocation (Allocation Failure)
Event: 10100.443 Executing VM operation: ParallelGCFailedAllocation (Allocation Failure) done
Event: 10101.032 Executing VM operation: ParallelGCFailedAllocation (Allocation Failure)
Event: 10101.035 Executing VM operation: ParallelGCFailedAllocation (Allocation Failure) done
Event: 10137.203 Executing VM operation: ParallelGCFailedAllocation (Allocation Failure)
Event: 10137.206 Executing VM operation: ParallelGCFailedAllocation (Allocation Failure) done
Event: 10137.220 Executing VM operation: ParallelGCFailedAllocation (Allocation Failure)
Event: 10137.223 Executing VM operation: ParallelGCFailedAllocation (Allocation Failure) done
Event: 10137.241 Executing VM operation: ParallelGCFailedAllocation (Allocation Failure)
Event: 10137.245 Executing VM operation: ParallelGCFailedAllocation (Allocation Failure) done
Event: 10137.260 Executing VM operation: ParallelGCFailedAllocation (Allocation Failure)
Event: 10137.263 Executing VM operation: ParallelGCFailedAllocation (Allocation Failure) done
Event: 10137.278 Executing VM operation: ParallelGCFailedAllocation (Allocation Failure)
Event: 10137.281 Executing VM operation: ParallelGCFailedAllocation (Allocation Failure) done
Event: 10137.310 Executing VM operation: ParallelGCFailedAllocation (Allocation Failure)
Event: 10137.313 Executing VM operation: ParallelGCFailedAllocation (Allocation Failure) done
Event: 10137.612 Executing VM operation: ParallelGCFailedAllocation (Allocation Failure)

Memory protections (0 events):
No events

Nmethod flushes (20 events):
Event: 7772.386 Thread 0x000001fc93afea60 flushing  nmethod 0x000001fc9984da90
Event: 7772.386 Thread 0x000001fc93afea60 flushing  nmethod 0x000001fc99889090
Event: 7772.386 Thread 0x000001fc93afea60 flushing  nmethod 0x000001fc998a2290
Event: 7772.386 Thread 0x000001fc93afea60 flushing  nmethod 0x000001fc999ac910
Event: 7772.386 Thread 0x000001fc93afea60 flushing  nmethod 0x000001fc999f1290
Event: 7772.386 Thread 0x000001fc93afea60 flushing osr nmethod 0x000001fc99a07d90
Event: 7772.386 Thread 0x000001fc93afea60 flushing  nmethod 0x000001fc99a2ff90
Event: 7772.386 Thread 0x000001fc93afea60 flushing  nmethod 0x000001fc99a5bf90
Event: 7772.386 Thread 0x000001fc93afea60 flushing  nmethod 0x000001fc99a73e10
Event: 7772.386 Thread 0x000001fc93afea60 flushing  nmethod 0x000001fc99ab5310
Event: 7772.386 Thread 0x000001fc93afea60 flushing  nmethod 0x000001fc99acc610
Event: 7772.386 Thread 0x000001fc93afea60 flushing  nmethod 0x000001fc99b1ce90
Event: 7772.386 Thread 0x000001fc93afea60 flushing  nmethod 0x000001fc99b7ff90
Event: 7772.386 Thread 0x000001fc93afea60 flushing  nmethod 0x000001fc99c10190
Event: 7772.386 Thread 0x000001fc93afea60 flushing  nmethod 0x000001fc99c51690
Event: 7772.386 Thread 0x000001fc93afea60 flushing  nmethod 0x000001fc99c66410
Event: 7772.386 Thread 0x000001fc93afea60 flushing  nmethod 0x000001fc99c69090
Event: 7772.386 Thread 0x000001fc93afea60 flushing  nmethod 0x000001fc99c84710
Event: 7772.386 Thread 0x000001fc93afea60 flushing  nmethod 0x000001fc99ca5a10
Event: 7772.386 Thread 0x000001fc93afea60 flushing  nmethod 0x000001fc99caa290

Events (20 events):
Event: 9837.102 Thread 0x000001fcf3eea8d0 Thread added: 0x000001fcf55fed60
Event: 9837.114 Thread 0x000001fcf55fed60 Thread added: 0x000001fcf34c5120
Event: 9837.126 Thread 0x000001fcf3eea8d0 Thread added: 0x000001fcf34c5e40
Event: 9837.126 Thread 0x000001fcf34c5120 Thread exited: 0x000001fcf34c5120
Event: 9837.309 Thread 0x000001fcf34c5e40 Thread exited: 0x000001fcf34c5e40
Event: 9894.405 Thread 0x000001fcf55ff3f0 Thread exited: 0x000001fcf55ff3f0
Event: 9894.588 Thread 0x000001fcf55fe6d0 Thread exited: 0x000001fcf55fe6d0
Event: 9894.650 Thread 0x000001fcf3eec310 Thread exited: 0x000001fcf3eec310
Event: 9896.704 Thread 0x000001fcf55fe040 Thread exited: 0x000001fcf55fe040
Event: 9972.775 Thread 0x000001fcf8b8bdd0 Thread exited: 0x000001fcf8b8bdd0
Event: 10027.742 Thread 0x000001fcf55fb250 Thread exited: 0x000001fcf55fb250
Event: 10032.780 Thread 0x000001fcf8b8b740 Thread exited: 0x000001fcf8b8b740
Event: 10092.789 Thread 0x000001fcf8b88fe0 Thread exited: 0x000001fcf8b88fe0
Event: 10107.886 Thread 0x000001fcf55fbf70 Thread added: 0x000001fcf34c7880
Event: 10107.887 Thread 0x000001fcf34c7880 Thread exited: 0x000001fcf34c7880
Event: 10107.970 Thread 0x000001fcf56014c0 Thread exited: 0x000001fcf56014c0
Event: 10115.187 Thread 0x000001fcf55ffa80 Thread exited: 0x000001fcf55ffa80
Event: 10124.222 Thread 0x000001fcf5600110 Thread exited: 0x000001fcf5600110
Event: 10126.377 Thread 0x000001fcf56007a0 Thread exited: 0x000001fcf56007a0
Event: 10134.381 Thread 0x000001fcf5600e30 Thread exited: 0x000001fcf5600e30


Dynamic libraries:
0x00007ff6c0c60000 - 0x00007ff6c0c6e000 	c:\Users\lorenzo\.vscode\extensions\redhat.java-1.43.1-win32-x64\jre\21.0.7-win32-x86_64\bin\java.exe
0x00007ffc92340000 - 0x00007ffc925a5000 	C:\WINDOWS\SYSTEM32\ntdll.dll
0x00007ffc906b0000 - 0x00007ffc90779000 	C:\WINDOWS\System32\KERNEL32.DLL
0x00007ffc8f490000 - 0x00007ffc8f878000 	C:\WINDOWS\System32\KERNELBASE.dll
0x00007ffc8fcd0000 - 0x00007ffc8fe1b000 	C:\WINDOWS\System32\ucrtbase.dll
0x00007ffc84a50000 - 0x00007ffc84a6e000 	c:\Users\lorenzo\.vscode\extensions\redhat.java-1.43.1-win32-x64\jre\21.0.7-win32-x86_64\bin\VCRUNTIME140.dll
0x00007ffc84a70000 - 0x00007ffc84a88000 	c:\Users\lorenzo\.vscode\extensions\redhat.java-1.43.1-win32-x64\jre\21.0.7-win32-x86_64\bin\jli.dll
0x00007ffc91950000 - 0x00007ffc91b1a000 	C:\WINDOWS\System32\USER32.dll
0x00007ffc7cf30000 - 0x00007ffc7d1ca000 	C:\WINDOWS\WinSxS\amd64_microsoft.windows.common-controls_6595b64144ccf1df_6.0.26100.4202_none_3e0698d4e335f517\COMCTL32.dll
0x00007ffc8fee0000 - 0x00007ffc8ff07000 	C:\WINDOWS\System32\win32u.dll
0x00007ffc90780000 - 0x00007ffc90829000 	C:\WINDOWS\System32\msvcrt.dll
0x00007ffc91b20000 - 0x00007ffc91b4b000 	C:\WINDOWS\System32\GDI32.dll
0x00007ffc8ff10000 - 0x00007ffc90047000 	C:\WINDOWS\System32\gdi32full.dll
0x00007ffc8fa00000 - 0x00007ffc8faa3000 	C:\WINDOWS\System32\msvcp_win.dll
0x00007ffc913a0000 - 0x00007ffc913d0000 	C:\WINDOWS\System32\IMM32.DLL
0x00007ffc8a830000 - 0x00007ffc8a83c000 	c:\Users\lorenzo\.vscode\extensions\redhat.java-1.43.1-win32-x64\jre\21.0.7-win32-x86_64\bin\vcruntime140_1.dll
0x00007ffc7a220000 - 0x00007ffc7a2ad000 	c:\Users\lorenzo\.vscode\extensions\redhat.java-1.43.1-win32-x64\jre\21.0.7-win32-x86_64\bin\msvcp140.dll
0x00007ffc2e050000 - 0x00007ffc2ede0000 	c:\Users\lorenzo\.vscode\extensions\redhat.java-1.43.1-win32-x64\jre\21.0.7-win32-x86_64\bin\server\jvm.dll
0x00007ffc91890000 - 0x00007ffc91943000 	C:\WINDOWS\System32\ADVAPI32.dll
0x00007ffc90150000 - 0x00007ffc901f6000 	C:\WINDOWS\System32\sechost.dll
0x00007ffc90200000 - 0x00007ffc90315000 	C:\WINDOWS\System32\RPCRT4.dll
0x00007ffc90c30000 - 0x00007ffc90ca4000 	C:\WINDOWS\System32\WS2_32.dll
0x00007ffc8f2e0000 - 0x00007ffc8f33e000 	C:\WINDOWS\SYSTEM32\POWRPROF.dll
0x00007ffc87720000 - 0x00007ffc87755000 	C:\WINDOWS\SYSTEM32\WINMM.dll
0x00007ffc88d50000 - 0x00007ffc88d5b000 	C:\WINDOWS\SYSTEM32\VERSION.dll
0x00007ffc8f2b0000 - 0x00007ffc8f2c4000 	C:\WINDOWS\SYSTEM32\UMPDC.dll
0x00007ffc8e1b0000 - 0x00007ffc8e1cb000 	C:\WINDOWS\SYSTEM32\kernel.appcore.dll
0x00007ffc83260000 - 0x00007ffc8326a000 	c:\Users\lorenzo\.vscode\extensions\redhat.java-1.43.1-win32-x64\jre\21.0.7-win32-x86_64\bin\jimage.dll
0x00007ffc82320000 - 0x00007ffc82561000 	C:\WINDOWS\SYSTEM32\DBGHELP.DLL
0x00007ffc90320000 - 0x00007ffc906a5000 	C:\WINDOWS\System32\combase.dll
0x00007ffc91150000 - 0x00007ffc91231000 	C:\WINDOWS\System32\OLEAUT32.dll
0x00007ffc7b3e0000 - 0x00007ffc7b419000 	C:\WINDOWS\SYSTEM32\dbgcore.DLL
0x00007ffc8fc30000 - 0x00007ffc8fcc9000 	C:\WINDOWS\System32\bcryptPrimitives.dll
0x00007ffc820c0000 - 0x00007ffc820cf000 	c:\Users\lorenzo\.vscode\extensions\redhat.java-1.43.1-win32-x64\jre\21.0.7-win32-x86_64\bin\instrument.dll
0x00007ffc80e50000 - 0x00007ffc80e6f000 	c:\Users\lorenzo\.vscode\extensions\redhat.java-1.43.1-win32-x64\jre\21.0.7-win32-x86_64\bin\java.dll
0x00007ffc91b70000 - 0x00007ffc922b2000 	C:\WINDOWS\System32\SHELL32.dll
0x00007ffc8fab0000 - 0x00007ffc8fc24000 	C:\WINDOWS\System32\wintypes.dll
0x00007ffc8d0f0000 - 0x00007ffc8d948000 	C:\WINDOWS\SYSTEM32\windows.storage.dll
0x00007ffc90b30000 - 0x00007ffc90c21000 	C:\WINDOWS\System32\SHCORE.dll
0x00007ffc900e0000 - 0x00007ffc9014a000 	C:\WINDOWS\System32\shlwapi.dll
0x00007ffc8f3a0000 - 0x00007ffc8f3cf000 	C:\WINDOWS\SYSTEM32\profapi.dll
0x00007ffc7a2e0000 - 0x00007ffc7a2f8000 	c:\Users\lorenzo\.vscode\extensions\redhat.java-1.43.1-win32-x64\jre\21.0.7-win32-x86_64\bin\zip.dll
0x00007ffc820b0000 - 0x00007ffc820c0000 	C:\Users\lorenzo\.vscode\extensions\redhat.java-1.43.1-win32-x64\jre\21.0.7-win32-x86_64\bin\net.dll
0x00007ffc87c70000 - 0x00007ffc87d8e000 	C:\WINDOWS\SYSTEM32\WINHTTP.dll
0x00007ffc8e7c0000 - 0x00007ffc8e82a000 	C:\WINDOWS\system32\mswsock.dll
0x00007ffc7b440000 - 0x00007ffc7b456000 	C:\Users\lorenzo\.vscode\extensions\redhat.java-1.43.1-win32-x64\jre\21.0.7-win32-x86_64\bin\nio.dll
0x00007ffc80050000 - 0x00007ffc80060000 	c:\Users\lorenzo\.vscode\extensions\redhat.java-1.43.1-win32-x64\jre\21.0.7-win32-x86_64\bin\verify.dll
0x00007ffc72d00000 - 0x00007ffc72d45000 	C:\Users\lorenzo\AppData\Roaming\Code\User\globalStorage\redhat.java\1.43.1\config_win\org.eclipse.equinox.launcher\org.eclipse.equinox.launcher.win32.win32.x86_64_1.2.1300.v20250331-1702\eclipse_11911.dll
0x00007ffc91640000 - 0x00007ffc917de000 	C:\WINDOWS\System32\ole32.dll
0x00007ffc7ff80000 - 0x00007ffc7ff8a000 	C:\Users\lorenzo\.vscode\extensions\redhat.java-1.43.1-win32-x64\jre\21.0.7-win32-x86_64\bin\management.dll
0x00007ffc7e9b0000 - 0x00007ffc7e9bb000 	C:\Users\lorenzo\.vscode\extensions\redhat.java-1.43.1-win32-x64\jre\21.0.7-win32-x86_64\bin\management_ext.dll
0x00007ffc91240000 - 0x00007ffc91248000 	C:\WINDOWS\System32\PSAPI.DLL
0x00007ffc8ea80000 - 0x00007ffc8ea9b000 	C:\WINDOWS\SYSTEM32\CRYPTSP.dll
0x00007ffc8e1d0000 - 0x00007ffc8e20a000 	C:\WINDOWS\system32\rsaenh.dll
0x00007ffc8e860000 - 0x00007ffc8e88b000 	C:\WINDOWS\SYSTEM32\USERENV.dll
0x00007ffc8f370000 - 0x00007ffc8f396000 	C:\WINDOWS\SYSTEM32\bcrypt.dll
0x00007ffc8ea70000 - 0x00007ffc8ea7c000 	C:\WINDOWS\SYSTEM32\CRYPTBASE.dll
0x00007ffc8dc30000 - 0x00007ffc8dc63000 	C:\WINDOWS\SYSTEM32\IPHLPAPI.DLL
0x00007ffc91140000 - 0x00007ffc9114a000 	C:\WINDOWS\System32\NSI.dll
0x00007ffc72bd0000 - 0x00007ffc72c19000 	C:\Users\lorenzo\AppData\Local\Temp\jna-352385389\jna13646451161361281126.dll
0x00007ffc87c40000 - 0x00007ffc87c5f000 	C:\WINDOWS\SYSTEM32\dhcpcsvc6.DLL
0x00007ffc87c10000 - 0x00007ffc87c35000 	C:\WINDOWS\SYSTEM32\dhcpcsvc.DLL
0x00007ffc75580000 - 0x00007ffc7558e000 	C:\Users\lorenzo\.vscode\extensions\redhat.java-1.43.1-win32-x64\jre\21.0.7-win32-x86_64\bin\sunmscapi.dll
0x00007ffc8f880000 - 0x00007ffc8f9f7000 	C:\WINDOWS\System32\CRYPT32.dll
0x00007ffc8ec10000 - 0x00007ffc8ec40000 	C:\WINDOWS\SYSTEM32\ncrypt.dll
0x00007ffc8ebc0000 - 0x00007ffc8ebff000 	C:\WINDOWS\SYSTEM32\NTASN1.dll
0x00007ffc8dc70000 - 0x00007ffc8dd97000 	C:\WINDOWS\SYSTEM32\DNSAPI.dll
0x00007ffc80f30000 - 0x00007ffc80f3b000 	C:\Windows\System32\rasadhlp.dll
0x00007ffc85390000 - 0x00007ffc85416000 	C:\WINDOWS\System32\fwpuclnt.dll
0x00007ffc7a570000 - 0x00007ffc7a579000 	C:\Users\lorenzo\.vscode\extensions\redhat.java-1.43.1-win32-x64\jre\21.0.7-win32-x86_64\bin\extnet.dll
0x00007ffc80860000 - 0x00007ffc80868000 	C:\WINDOWS\system32\wshunix.dll

dbghelp: loaded successfully - version: 4.0.5 - missing functions: none
symbol engine: initialized successfully - sym options: 0x614 - pdb path: .;c:\Users\lorenzo\.vscode\extensions\redhat.java-1.43.1-win32-x64\jre\21.0.7-win32-x86_64\bin;C:\WINDOWS\SYSTEM32;C:\WINDOWS\WinSxS\amd64_microsoft.windows.common-controls_6595b64144ccf1df_6.0.26100.4202_none_3e0698d4e335f517;c:\Users\lorenzo\.vscode\extensions\redhat.java-1.43.1-win32-x64\jre\21.0.7-win32-x86_64\bin\server;C:\Users\lorenzo\AppData\Roaming\Code\User\globalStorage\redhat.java\1.43.1\config_win\org.eclipse.equinox.launcher\org.eclipse.equinox.launcher.win32.win32.x86_64_1.2.1300.v20250331-1702;C:\Users\lorenzo\AppData\Local\Temp\jna-352385389

VM Arguments:
jvm_args: --add-modules=ALL-SYSTEM --add-opens=java.base/java.util=ALL-UNNAMED --add-opens=java.base/java.lang=ALL-UNNAMED --add-opens=java.base/sun.nio.fs=ALL-UNNAMED -Declipse.application=org.eclipse.jdt.ls.core.id1 -Dosgi.bundles.defaultStartLevel=4 -Declipse.product=org.eclipse.jdt.ls.core.product -Djava.import.generatesMetadataFilesAtProjectRoot=false -DDetectVMInstallationsJob.disabled=true -Dfile.encoding=utf8 -XX:+UseParallelGC -XX:GCTimeRatio=4 -XX:AdaptiveSizePolicyWeight=90 -Dsun.zip.disableMemoryMapping=true -Xmx2G -Xms100m -Xlog:disable -javaagent:c:\Users\lorenzo\.vscode\extensions\redhat.java-1.43.1-win32-x64\lombok\lombok-1.18.39-4050.jar -XX:+HeapDumpOnOutOfMemoryError -XX:HeapDumpPath=c:\Users\lorenzo\AppData\Roaming\Code\User\workspaceStorage\2987e9b36bad1f33864e0fb57bc9f1eb\redhat.java -Daether.dependencyCollector.impl=bf 
java_command: c:\Users\lorenzo\.vscode\extensions\redhat.java-1.43.1-win32-x64\server\plugins\org.eclipse.equinox.launcher_1.7.0.v20250519-0528.jar -configuration c:\Users\lorenzo\AppData\Roaming\Code\User\globalStorage\redhat.java\1.43.1\config_win -data c:\Users\lorenzo\AppData\Roaming\Code\User\workspaceStorage\2987e9b36bad1f33864e0fb57bc9f1eb\redhat.java\jdt_ws --pipe=\\.\pipe\lsp-1072f181a5c51e0ed6b00e84a134dfe8-sock
java_class_path (initial): c:\Users\lorenzo\.vscode\extensions\redhat.java-1.43.1-win32-x64\server\plugins\org.eclipse.equinox.launcher_1.7.0.v20250519-0528.jar
Launcher Type: SUN_STANDARD

[Global flags]
    uintx AdaptiveSizePolicyWeight                 = 90                                        {product} {command line}
     intx CICompilerCount                          = 12                                        {product} {ergonomic}
    uintx GCTimeRatio                              = 4                                         {product} {command line}
     bool HeapDumpOnOutOfMemoryError               = true                                   {manageable} {command line}
    ccstr HeapDumpPath                             = c:\Users\lorenzo\AppData\Roaming\Code\User\workspaceStorage\2987e9b36bad1f33864e0fb57bc9f1eb\redhat.java         {manageable} {command line}
   size_t InitialHeapSize                          = 104857600                                 {product} {command line}
   size_t MaxHeapSize                              = 2147483648                                {product} {command line}
   size_t MaxNewSize                               = 715653120                                 {product} {ergonomic}
   size_t MinHeapDeltaBytes                        = 524288                                    {product} {ergonomic}
   size_t MinHeapSize                              = 104857600                                 {product} {command line}
   size_t NewSize                                  = 34603008                                  {product} {ergonomic}
    uintx NonNMethodCodeHeapSize                   = 7602480                                {pd product} {ergonomic}
    uintx NonProfiledCodeHeapSize                  = 122027880                              {pd product} {ergonomic}
   size_t OldSize                                  = 70254592                                  {product} {ergonomic}
    uintx ProfiledCodeHeapSize                     = 122027880                              {pd product} {ergonomic}
    uintx ReservedCodeCacheSize                    = 251658240                              {pd product} {ergonomic}
     bool SegmentedCodeCache                       = true                                      {product} {ergonomic}
   size_t SoftMaxHeapSize                          = 2147483648                             {manageable} {ergonomic}
     bool UseCompressedOops                        = true                           {product lp64_product} {ergonomic}
     bool UseLargePagesIndividualAllocation        = false                                  {pd product} {ergonomic}
     bool UseParallelGC                            = true                                      {product} {command line}

Logging:
Log output configuration:
 #0: stdout all=off uptime,level,tags foldmultilines=false
 #1: stderr all=off uptime,level,tags foldmultilines=false

Environment Variables:
PATH=C:\Program Files\Common Files\Oracle\Java\javapath;C:\Program Files (x86)\Common Files\Oracle\Java\java8path;C:\Program Files (x86)\Common Files\Oracle\Java\javapath;C:\WINDOWS\system32;C:\WINDOWS;C:\WINDOWS\System32\Wbem;C:\WINDOWS\System32\WindowsPowerShell\v1.0\;C:\WINDOWS\System32\OpenSSH\;C:\Program Files\nodejs\;C:\Program Files\Git\cmd;C:\Users\lorenzo\AppData\Local\Microsoft\WindowsApps;C:\Users\lorenzo\AppData\Local\Programs\Microsoft VS Code\bin;C:\Users\lorenzo\AppData\Roaming\npm;
USERNAME=lorenzo
OS=Windows_NT
PROCESSOR_IDENTIFIER=AMD64 Family 23 Model 104 Stepping 1, AuthenticAMD
TMP=C:\Users\lorenzo\AppData\Local\Temp
TEMP=C:\Users\lorenzo\AppData\Local\Temp




Periodic native trim disabled

---------------  S Y S T E M  ---------------

OS:
 Windows 11 , 64 bit Build 26100 (10.0.26100.4202)
OS uptime: 2 days 0:14 hours
Hyper-V role detected

CPU: total 16 (initial active 16) (16 cores per cpu, 2 threads per core) family 23 model 104 stepping 1 microcode 0x8608103, cx8, cmov, fxsr, ht, mmx, 3dnowpref, sse, sse2, sse3, ssse3, sse4a, sse4.1, sse4.2, popcnt, lzcnt, tsc, tscinvbit, avx, avx2, aes, clmul, bmi1, bmi2, adx, sha, fma, vzeroupper, clflush, clflushopt, hv, rdtscp, rdpid, f16c
Processor Information for the first 16 processors :
  Max Mhz: 1801, Current Mhz: 1801, Mhz Limit: 1801

Memory: 4k page, system-wide physical 14181M (2055M free)
TotalPageFile size 57189M (AvailPageFile size 0M)
current process WorkingSet (physical memory assigned to process): 1070M, peak: 1807M
current process commit charge ("private bytes"): 1468M, peak: 1903M

vm_info: OpenJDK 64-Bit Server VM (21.0.7+6-LTS) for windows-amd64 JRE (21.0.7+6-LTS), built on 2025-04-15T00:00:00Z by "admin" with MS VC++ 17.7 (VS2022)

END.
